#
# A fatal error has been detected by the Java Runtime Environment:
#
#  SIGBUS (0x7) at pc=0x00007ff962854c60, pid=5605, tid=140709038237440
#
# JRE version: Java(TM) SE Runtime Environment (7.0_51-b13) (build 1.7.0_51-b13)
# Java VM: Java HotSpot(TM) 64-Bit Server VM (24.51-b03 mixed mode linux-amd64 compressed oops)
# Problematic frame:
# 
[error occurred during error reporting (printing problematic frame), id 0x7]

# Failed to write core dump. Core dumps have been disabled. To enable core dumping, try "ulimit -c unlimited" before starting Java again
#
# If you would like to submit a bug report, please visit:
#   http://bugreport.sun.com/bugreport/crash.jsp
# The crash happened outside the Java Virtual Machine in native code.
# See problematic frame for where to report the bug.
#

---------------  T H R E A D  ---------------

Current thread (0x00007ff99824d000):  JavaThread "LWJGL Application" [_thread_in_native, id=5628, stack(0x00007ff9602da000,0x00007ff9603db000)]

siginfo:si_signo=SIGBUS: si_errno=0, si_code=2 (BUS_ADRERR), si_addr=0x00007ff962854c60

Registers:
RAX=0x00007ff962854c60, RBX=0x000000009dd8a7c0, RCX=0x00000000000036c9, RDX=0x000000009dd97cb0
RSP=0x00007ff9603d9488, RBP=0x00007ff9603d94d0, RSI=0x00007ff9603d94e0, RDI=0x00007ff99824d1e8
R8 =0x0000000000000000, R9 =0x00000000018f0001, R10=0x00007ff99501270c, R11=0x00007ff99fb94d30
R12=0x0000000000000000, R13=0x000000009dd8a7b8, R14=0x00007ff9603d94e8, R15=0x00007ff99824d000
RIP=0x00007ff962854c60, EFLAGS=0x0000000000010287, CSGSFS=0x0000000000000033, ERR=0x0000000000000014
  TRAPNO=0x000000000000000e

Top of Stack: (sp=0x00007ff9603d9488)
0x00007ff9603d9488:   00007ff995012738 00007ff9603d9490
0x00007ff9603d9498:   0000000000000000 00007ff9603d94e8
0x00007ff9603d94a8:   000000009dd97cb0 0000000000000000
0x00007ff9603d94b8:   000000009dd8a7c0 0000000000000000
0x00007ff9603d94c8:   00007ff9603d94f0 00007ff9603d9530
0x00007ff9603d94d8:   00007ff995006058 00000000e12c9560
0x00007ff9603d94e8:   00007ff99500ecd8 00007ff9603d94f0
0x00007ff9603d94f8:   000000009dd8a6b0 00007ff9603d9540
0x00007ff9603d9508:   000000009dd97cb0 0000000000000000
0x00007ff9603d9518:   000000009dd8a6f8 00007ff9603d94f0
0x00007ff9603d9528:   00007ff9603d9548 00007ff9603d9598
0x00007ff9603d9538:   00007ff995006058 0000000000000000
0x00007ff9603d9548:   0000000000000003 00000000e1403f48
0x00007ff9603d9558:   00007ff9603d9548 000000009de0cc91
0x00007ff9603d9568:   00007ff9603d95e0 000000009de0dd78
0x00007ff9603d9578:   0000000000000000 000000009de0cd30
0x00007ff9603d9588:   00007ff9603d9548 00007ff9603d95e0
0x00007ff9603d9598:   00007ff9603d9628 00007ff995006706
0x00007ff9603d95a8:   0000000000000000 0000000000000000
0x00007ff9603d95b8:   0000000000000000 00000000e1343f60
0x00007ff9603d95c8:   00000000e1343eb8 00000000e1403f48
0x00007ff9603d95d8:   00000000e1403f48 00000000e1403f38
0x00007ff9603d95e8:   00007ff9603d95e8 000000009de09ee3
0x00007ff9603d95f8:   00007ff9603d9630 000000009de0b910
0x00007ff9603d9608:   0000000000000000 000000009de09ef8
0x00007ff9603d9618:   00007ff9603d95e0 00007ff9603d9638
0x00007ff9603d9628:   00007ff9603d9678 00007ff995006058
0x00007ff9603d9638:   00007ff9603d9638 000000009dd7dc48
0x00007ff9603d9648:   00007ff9603d9688 000000009ddda6a0
0x00007ff9603d9658:   0000000000000000 000000009dd7dc68
0x00007ff9603d9668:   00007ff9603d9638 00007ff9603d9688
0x00007ff9603d9678:   00007ff9603d96e0 00007ff995006706 

Instructions: (pc=0x00007ff962854c60)
0x00007ff962854c40:   
[error occurred during error reporting (printing registers, top of stack, instructions near pc), id 0x7]

Register to memory mapping:

RAX=
[error occurred during error reporting (printing register info), id 0x7]

Stack: [0x00007ff9602da000,0x00007ff9603db000],  sp=0x00007ff9603d9488,  free space=1021k
Native frames: (J=compiled Java code, j=interpreted, Vv=VM code, C=native code)

[error occurred during error reporting (printing native stack), id 0x7]

Java frames: (J=compiled Java code, j=interpreted, Vv=VM code)
j  org.lwjgl.opengl.LinuxDisplay.nUnlockAWT()V+0
j  org.lwjgl.opengl.LinuxDisplay.unlockAWT()V+0
j  org.lwjgl.opengl.LinuxContextImplementation.swapBuffers()V+57
j  org.lwjgl.opengl.ContextGL.swapBuffers()V+3
j  org.lwjgl.opengl.DrawableGL.swapBuffers()V+0
j  org.lwjgl.opengl.Display.swapBuffers()V+39
j  org.lwjgl.opengl.Display.update(Z)V+44
j  com.badlogic.gdx.backends.lwjgl.LwjglApplication.mainLoop()V+648
j  com.badlogic.gdx.backends.lwjgl.LwjglApplication$1.run()V+27
v  ~StubRoutines::call_stub

---------------  P R O C E S S  ---------------

Java Threads: ( => current thread )
  0x00007ff940965000 JavaThread "AsynchExecutor-Thread" daemon [_thread_blocked, id=5633, stack(0x00007ff954775000,0x00007ff954876000)]
  0x00007ff940004000 JavaThread "process reaper" daemon [_thread_blocked, id=5630, stack(0x00007ff98002a000,0x00007ff980063000)]
  0x00007ff99800a000 JavaThread "DestroyJavaVM" [_thread_blocked, id=5606, stack(0x00007ff9a0c4e000,0x00007ff9a0d4f000)]
=>0x00007ff99824d000 JavaThread "LWJGL Application" [_thread_in_native, id=5628, stack(0x00007ff9602da000,0x00007ff9603db000)]
  0x00007ff9981a8000 JavaThread "AWT-XAWT" daemon [_thread_blocked, id=5624, stack(0x00007ff962c7b000,0x00007ff962d7c000)]
  0x00007ff998184800 JavaThread "Java2D Disposer" daemon [_thread_blocked, id=5623, stack(0x00007ff96318c000,0x00007ff96328d000)]
  0x00007ff998096800 JavaThread "Service Thread" daemon [_thread_blocked, id=5621, stack(0x00007ff9943bb000,0x00007ff9944bc000)]
  0x00007ff998094000 JavaThread "C2 CompilerThread1" daemon [_thread_blocked, id=5620, stack(0x00007ff9944bc000,0x00007ff9945bd000)]
  0x00007ff998091000 JavaThread "C2 CompilerThread0" daemon [_thread_blocked, id=5619, stack(0x00007ff9945bd000,0x00007ff9946be000)]
  0x00007ff998086800 JavaThread "Signal Dispatcher" daemon [_thread_blocked, id=5618, stack(0x00007ff9946be000,0x00007ff9947bf000)]
  0x00007ff998070000 JavaThread "Finalizer" daemon [_thread_blocked, id=5617, stack(0x00007ff994cfd000,0x00007ff994dfe000)]
  0x00007ff99806c000 JavaThread "Reference Handler" daemon [_thread_blocked, id=5616, stack(0x00007ff994dfe000,0x00007ff994eff000)]

Other Threads:
  0x00007ff998069800 VMThread [stack: 0x00007ff994eff000,0x00007ff995000000] [id=5615]
  0x00007ff9980a1000 WatcherThread [stack: 0x00007ff9942ba000,0x00007ff9943bb000] [id=5622]

VM state:not at safepoint (normal execution)

VM Mutex/Monitor currently owned by a thread: None

Heap
 PSYoungGen      total 28672K, used 16336K [0x00000000e0e00000, 0x00000000e2d80000, 0x0000000100000000)
  eden space 25088K, 65% used [0x00000000e0e00000,0x00000000e1df41a0,0x00000000e2680000)
  from space 3584K, 0% used [0x00000000e2a00000,0x00000000e2a00000,0x00000000e2d80000)
  to   space 3584K, 0% used [0x00000000e2680000,0x00000000e2680000,0x00000000e2a00000)
 ParOldGen       total 63488K, used 0K [0x00000000a2a00000, 0x00000000a6800000, 0x00000000e0e00000)
  object space 63488K, 0% used [0x00000000a2a00000,0x00000000a2a00000,0x00000000a6800000)
 PSPermGen       total 21504K, used 8943K [0x000000009d800000, 0x000000009ed00000, 0x00000000a2a00000)
  object space 21504K, 41% used [0x000000009d800000,0x000000009e0bbd70,0x000000009ed00000)

Card table byte_map: [0x00007ff99dc3c000,0x00007ff99df51000] byte_map_base: 0x00007ff99d750000

Polling page: 0x00007ff9a0d72000

Code Cache  [0x00007ff995000000, 0x00007ff995270000, 0x00007ff998000000)
 total_blobs=541 nmethods=45 adapters=451 free_code_cache=48485Kb largest_free_block=49617600

Compilation events (10 events):
Event: 3,656 Thread 0x00007ff998091000 nmethod 40 0x00007ff9950a2490 code [0x00007ff9950a2620, 0x00007ff9950a2938]
Event: 3,658 Thread 0x00007ff998094000 nmethod 41 0x00007ff995099f10 code [0x00007ff99509a0c0, 0x00007ff99509a538]
Event: 5,165 Thread 0x00007ff998091000   42             com.badlogic.gdx.math.Vector3::set (17 bytes)
Event: 5,165 Thread 0x00007ff998091000 nmethod 42 0x00007ff995099c90 code [0x00007ff995099dc0, 0x00007ff995099e18]
Event: 5,581 Thread 0x00007ff998094000   43             java.nio.Buffer::position (43 bytes)
Event: 5,582 Thread 0x00007ff998094000 nmethod 43 0x00007ff9950a3310 code [0x00007ff9950a3440, 0x00007ff9950a34b8]
Event: 5,804 Thread 0x00007ff998091000   44             com.badlogic.gdx.graphics.g2d.NinePatch::set (120 bytes)
Event: 5,806 Thread 0x00007ff998091000 nmethod 44 0x00007ff9950a2f50 code [0x00007ff9950a30a0, 0x00007ff9950a31f8]
Event: 6,045 Thread 0x00007ff998094000   45             com.badlogic.gdx.scenes.scene2d.Actor::isVisible (5 bytes)
Event: 6,046 Thread 0x00007ff998094000 nmethod 45 0x00007ff9950a2d50 code [0x00007ff9950a2e80, 0x00007ff9950a2ed8]

GC Heap History (0 events):
No events

Deoptimization events (0 events):
No events

Internal exceptions (10 events):
Event: 2,080 Thread 0x00007ff99824d000 Threw 0x00000000e1d3e250 at /HUDSON/workspace/7u-2-build-linux-amd64@2/jdk7u51/527/hotspot/src/share/vm/prims/jvm.cpp:1244
Event: 2,081 Thread 0x00007ff99824d000 Threw 0x00000000e1d41370 at /HUDSON/workspace/7u-2-build-linux-amd64@2/jdk7u51/527/hotspot/src/share/vm/prims/jvm.cpp:1244
Event: 2,082 Thread 0x00007ff99824d000 Threw 0x00000000e1d44890 at /HUDSON/workspace/7u-2-build-linux-amd64@2/jdk7u51/527/hotspot/src/share/vm/prims/jvm.cpp:1244
Event: 2,084 Thread 0x00007ff99824d000 Threw 0x00000000e1d57830 at /HUDSON/workspace/7u-2-build-linux-amd64@2/jdk7u51/527/hotspot/src/share/vm/prims/jvm.cpp:1244
Event: 2,085 Thread 0x00007ff99824d000 Threw 0x00000000e1d5b7d8 at /HUDSON/workspace/7u-2-build-linux-amd64@2/jdk7u51/527/hotspot/src/share/vm/prims/jvm.cpp:1244
Event: 2,086 Thread 0x00007ff99824d000 Threw 0x00000000e1d60050 at /HUDSON/workspace/7u-2-build-linux-amd64@2/jdk7u51/527/hotspot/src/share/vm/prims/jvm.cpp:1244
Event: 2,088 Thread 0x00007ff99824d000 Threw 0x00000000e1d648a0 at /HUDSON/workspace/7u-2-build-linux-amd64@2/jdk7u51/527/hotspot/src/share/vm/prims/jvm.cpp:1244
Event: 2,090 Thread 0x00007ff99824d000 Threw 0x00000000e1d688c0 at /HUDSON/workspace/7u-2-build-linux-amd64@2/jdk7u51/527/hotspot/src/share/vm/prims/jvm.cpp:1244
Event: 2,116 Thread 0x00007ff99824d000 Threw 0x00000000e1d6cb60 at /HUDSON/workspace/7u-2-build-linux-amd64@2/jdk7u51/527/hotspot/src/share/vm/prims/jvm.cpp:1244
Event: 2,118 Thread 0x00007ff99824d000 Threw 0x00000000e1d713e8 at /HUDSON/workspace/7u-2-build-linux-amd64@2/jdk7u51/527/hotspot/src/share/vm/prims/jvm.cpp:1244

Events (10 events):
Event: 2,088 loading class 0x00007ff9980e9db0
Event: 2,088 loading class 0x00007ff9980e9db0 done
Event: 2,090 loading class 0x00007ff940b6a200
Event: 2,090 loading class 0x00007ff940b6a200 done
Event: 2,116 loading class 0x00007ff9405dc7c0
Event: 2,116 loading class 0x00007ff9405dc7c0 done
Event: 2,117 loading class 0x00007ff940b36a80
Event: 2,117 loading class 0x00007ff940b36a80 done
Event: 4,104 Executing VM operation: EnableBiasedLocking
Event: 4,105 Executing VM operation: EnableBiasedLocking done


Dynamic libraries:
00400000-00401000 r-xp 00000000 08:05 1975674                            /usr/lib/jvm/java-7-oracle/bin/java
00600000-00601000 rw-p 00000000 08:05 1975674                            /usr/lib/jvm/java-7-oracle/bin/java
01e9d000-01ebe000 rw-p 00000000 00:00 0                                  [heap]
9d800000-9ed00000 rw-p 00000000 00:00 0 
9ed00000-a2a00000 rw-p 00000000 00:00 0 
a2a00000-a6800000 rw-p 00000000 00:00 0 
a6800000-e0e00000 rw-p 00000000 00:00 0 
e0e00000-e2d80000 rw-p 00000000 00:00 0 
e2d80000-100000000 rw-p 00000000 00:00 0 
7ff934000000-7ff934021000 rw-p 00000000 00:00 0 
7ff934021000-7ff938000000 ---p 00000000 00:00 0 
7ff938000000-7ff9380e1000 rw-p 00000000 00:00 0 
7ff9380e1000-7ff93c000000 ---p 00000000 00:00 0 
7ff93c000000-7ff93c021000 rw-p 00000000 00:00 0 
7ff93c021000-7ff940000000 ---p 00000000 00:00 0 
7ff940000000-7ff940cad000 rw-p 00000000 00:00 0 
7ff940cad000-7ff944000000 ---p 00000000 00:00 0 
7ff944000000-7ff944021000 rw-p 00000000 00:00 0 
7ff944021000-7ff948000000 ---p 00000000 00:00 0 
7ff94bfff000-7ff950000000 rw-s 00000000 00:13 122436                     /run/shm/pulse-shm-369252635
7ff950000000-7ff950021000 rw-p 00000000 00:00 0 
7ff950021000-7ff954000000 ---p 00000000 00:00 0 
7ff954475000-7ff954675000 rw-s 36ffc000 00:05 11513                      /dev/ati/card0
7ff954675000-7ff954775000 rw-s 36ffa000 00:05 11513                      /dev/ati/card0
7ff954775000-7ff954778000 ---p 00000000 00:00 0 
7ff954778000-7ff954876000 rw-p 00000000 00:00 0                          [stack:5633]
7ff954876000-7ff954f76000 rw-s 00006000 00:05 11513                      /dev/ati/card0
7ff954f76000-7ff954fea000 rw-p 00000000 00:00 0 
7ff955041000-7ff955081000 rw-s 00026000 00:05 11513                      /dev/ati/card0
7ff955081000-7ff955241000 rw-p 00000000 00:00 0 
7ff955241000-7ff955243000 r-xp 00000000 08:05 139300                     /usr/lib/x86_64-linux-gnu/libXinerama.so.1.0.0
7ff955243000-7ff955442000 ---p 00002000 08:05 139300                     /usr/lib/x86_64-linux-gnu/libXinerama.so.1.0.0
7ff955442000-7ff955443000 r--p 00001000 08:05 139300                     /usr/lib/x86_64-linux-gnu/libXinerama.so.1.0.0
7ff955443000-7ff955444000 rw-p 00002000 08:05 139300                     /usr/lib/x86_64-linux-gnu/libXinerama.so.1.0.0
7ff955444000-7ff955497000 r-xp 00000000 08:05 136146                     /usr/lib/fglrx/libatiadlxx.so
7ff955497000-7ff955596000 ---p 00053000 08:05 136146                     /usr/lib/fglrx/libatiadlxx.so
7ff955596000-7ff9555a3000 rw-p 00052000 08:05 136146                     /usr/lib/fglrx/libatiadlxx.so
7ff9555a3000-7ff9555b3000 rw-p 00000000 00:00 0 
7ff9555b3000-7ff95734d000 r-xp 00000000 08:05 136119                     /usr/lib/fglrx/dri/fglrx_dri.so
7ff95734d000-7ff95744d000 ---p 01d9a000 08:05 136119                     /usr/lib/fglrx/dri/fglrx_dri.so
7ff95744d000-7ff9575c0000 rwxp 01d9a000 08:05 136119                     /usr/lib/fglrx/dri/fglrx_dri.so
7ff9575c0000-7ff9576e4000 rwxp 00000000 00:00 0 
7ff9576e4000-7ff9576f3000 r-xp 00000000 08:05 136117                     /usr/lib/fglrx/libatiuki.so.1.0
7ff9576f3000-7ff9577f3000 ---p 0000f000 08:05 136117                     /usr/lib/fglrx/libatiuki.so.1.0
7ff9577f3000-7ff9577ff000 rw-p 0000f000 08:05 136117                     /usr/lib/fglrx/libatiuki.so.1.0
7ff9577ff000-7ff957800000 ---p 00000000 00:00 0 
7ff957800000-7ff958000000 rw-p 00000000 00:00 0                          [stack:5626]
7ff958000000-7ff958021000 rw-p 00000000 00:00 0 
7ff958021000-7ff95c000000 ---p 00000000 00:00 0 
7ff95c000000-7ff95c021000 rw-p 00000000 00:00 0 
7ff95c021000-7ff960000000 ---p 00000000 00:00 0 
7ff96000e000-7ff9600ce000 rw-p 00000000 00:00 0 
7ff9600ce000-7ff960191000 r-xp 00000000 08:05 136121                     /usr/lib/fglrx/libGL.so.1.2
7ff960191000-7ff960290000 ---p 000c3000 08:05 136121                     /usr/lib/fglrx/libGL.so.1.2
7ff960290000-7ff9602b8000 rwxp 000c2000 08:05 136121                     /usr/lib/fglrx/libGL.so.1.2
7ff9602b8000-7ff9602da000 rwxp 00000000 00:00 0 
7ff9602da000-7ff9602dd000 ---p 00000000 00:00 0 
7ff9602dd000-7ff9603db000 rw-p 00000000 00:00 0                          [stack:5628]
7ff9603db000-7ff9603dc000 ---p 00000000 00:00 0 
7ff9603dc000-7ff9604dc000 rw-p 00000000 00:00 0                          [stack:5627]
7ff9604dc000-7ff9604f2000 r-xp 00000000 08:05 790545                     /lib/x86_64-linux-gnu/libresolv-2.17.so
7ff9604f2000-7ff9606f2000 ---p 00016000 08:05 790545                     /lib/x86_64-linux-gnu/libresolv-2.17.so
7ff9606f2000-7ff9606f3000 r--p 00016000 08:05 790545                     /lib/x86_64-linux-gnu/libresolv-2.17.so
7ff9606f3000-7ff9606f4000 rw-p 00017000 08:05 790545                     /lib/x86_64-linux-gnu/libresolv-2.17.so
7ff9606f4000-7ff9606f6000 rw-p 00000000 00:00 0 
7ff9606f6000-7ff9606fd000 r-xp 00000000 08:05 140029                     /usr/lib/x86_64-linux-gnu/libogg.so.0.8.1
7ff9606fd000-7ff9608fd000 ---p 00007000 08:05 140029                     /usr/lib/x86_64-linux-gnu/libogg.so.0.8.1
7ff9608fd000-7ff9608fe000 r--p 00007000 08:05 140029                     /usr/lib/x86_64-linux-gnu/libogg.so.0.8.1
7ff9608fe000-7ff9608ff000 rw-p 00008000 08:05 140029                     /usr/lib/x86_64-linux-gnu/libogg.so.0.8.1
7ff9608ff000-7ff96092a000 r-xp 00000000 08:05 140266                     /usr/lib/x86_64-linux-gnu/libvorbis.so.0.4.5
7ff96092a000-7ff960b2a000 ---p 0002b000 08:05 140266                     /usr/lib/x86_64-linux-gnu/libvorbis.so.0.4.5
7ff960b2a000-7ff960b2b000 r--p 0002b000 08:05 140266                     /usr/lib/x86_64-linux-gnu/libvorbis.so.0.4.5
7ff960b2b000-7ff960b2c000 rw-p 0002c000 08:05 140266                     /usr/lib/x86_64-linux-gnu/libvorbis.so.0.4.5
7ff960b2c000-7ff960ddf000 r-xp 00000000 08:05 140268                     /usr/lib/x86_64-linux-gnu/libvorbisenc.so.2.0.8
7ff960ddf000-7ff960fde000 ---p 002b3000 08:05 140268                     /usr/lib/x86_64-linux-gnu/libvorbisenc.so.2.0.8
7ff960fde000-7ff960ffa000 r--p 002b2000 08:05 140268                     /usr/lib/x86_64-linux-gnu/libvorbisenc.so.2.0.8
7ff960ffa000-7ff960ffb000 rw-p 002ce000 08:05 140268                     /usr/lib/x86_64-linux-gnu/libvorbisenc.so.2.0.8
7ff960ffb000-7ff96102a000 r-xp 00000000 08:05 139116                     /usr/lib/x86_64-linux-gnu/libFLAC.so.8.3.0
7ff96102a000-7ff96122a000 ---p 0002f000 08:05 139116                     /usr/lib/x86_64-linux-gnu/libFLAC.so.8.3.0
7ff96122a000-7ff96122b000 r--p 0002f000 08:05 139116                     /usr/lib/x86_64-linux-gnu/libFLAC.so.8.3.0
7ff96122b000-7ff96122c000 rw-p 00030000 08:05 139116                     /usr/lib/x86_64-linux-gnu/libFLAC.so.8.3.0
7ff96122c000-7ff961231000 r-xp 00000000 08:05 139359                     /usr/lib/x86_64-linux-gnu/libasyncns.so.0.3.1
7ff961231000-7ff961430000 ---p 00005000 08:05 139359                     /usr/lib/x86_64-linux-gnu/libasyncns.so.0.3.1
7ff961430000-7ff961431000 r--p 00004000 08:05 139359                     /usr/lib/x86_64-linux-gnu/libasyncns.so.0.3.1
7ff961431000-7ff961432000 rw-p 00005000 08:05 139359                     /usr/lib/x86_64-linux-gnu/libasyncns.so.0.3.1
7ff961432000-7ff961493000 r-xp 00000000 08:05 140163                     /usr/lib/x86_64-linux-gnu/libsndfile.so.1.0.25
7ff961493000-7ff961693000 ---p 00061000 08:05 140163                     /usr/lib/x86_64-linux-gnu/libsndfile.so.1.0.25
7ff961693000-7ff961695000 r--p 00061000 08:05 140163                     /usr/lib/x86_64-linux-gnu/libsndfile.so.1.0.25
7ff961695000-7ff961696000 rw-p 00063000 08:05 140163                     /usr/lib/x86_64-linux-gnu/libsndfile.so.1.0.25
7ff961696000-7ff96169a000 rw-p 00000000 00:00 0 
7ff96169a000-7ff9616a2000 r-xp 00000000 08:05 790579                     /lib/x86_64-linux-gnu/libwrap.so.0.7.6
7ff9616a2000-7ff9618a2000 ---p 00008000 08:05 790579                     /lib/x86_64-linux-gnu/libwrap.so.0.7.6
7ff9618a2000-7ff9618a3000 r--p 00008000 08:05 790579                     /lib/x86_64-linux-gnu/libwrap.so.0.7.6
7ff9618a3000-7ff9618a4000 rw-p 00009000 08:05 790579                     /lib/x86_64-linux-gnu/libwrap.so.0.7.6
7ff9618a4000-7ff9618e8000 r-xp 00000000 08:05 790436                     /lib/x86_64-linux-gnu/libdbus-1.so.3.7.4
7ff9618e8000-7ff961ae7000 ---p 00044000 08:05 790436                     /lib/x86_64-linux-gnu/libdbus-1.so.3.7.4
7ff961ae7000-7ff961ae8000 r--p 00043000 08:05 790436                     /lib/x86_64-linux-gnu/libdbus-1.so.3.7.4
7ff961ae8000-7ff961ae9000 rw-p 00044000 08:05 790436                     /lib/x86_64-linux-gnu/libdbus-1.so.3.7.4
7ff961ae9000-7ff961b4f000 r-xp 00000000 08:05 528253                     /usr/lib/x86_64-linux-gnu/pulseaudio/libpulsecommon-4.0.so
7ff961b4f000-7ff961d4e000 ---p 00066000 08:05 528253                     /usr/lib/x86_64-linux-gnu/pulseaudio/libpulsecommon-4.0.so
7ff961d4e000-7ff961d4f000 r--p 00065000 08:05 528253                     /usr/lib/x86_64-linux-gnu/pulseaudio/libpulsecommon-4.0.so
7ff961d4f000-7ff961d50000 rw-p 00066000 08:05 528253                     /usr/lib/x86_64-linux-gnu/pulseaudio/libpulsecommon-4.0.so
7ff961d50000-7ff961d59000 r-xp 00000000 08:05 790464                     /lib/x86_64-linux-gnu/libjson-c.so.2.0.1
7ff961d59000-7ff961f58000 ---p 00009000 08:05 790464                     /lib/x86_64-linux-gnu/libjson-c.so.2.0.1
7ff961f58000-7ff961f59000 r--p 00008000 08:05 790464                     /lib/x86_64-linux-gnu/libjson-c.so.2.0.1
7ff961f59000-7ff961f5a000 rw-p 00009000 08:05 790464                     /lib/x86_64-linux-gnu/libjson-c.so.2.0.1
7ff961f5a000-7ff961fa1000 r-xp 00000000 08:05 140103                     /usr/lib/x86_64-linux-gnu/libpulse.so.0.16.2
7ff961fa1000-7ff9621a1000 ---p 00047000 08:05 140103                     /usr/lib/x86_64-linux-gnu/libpulse.so.0.16.2
7ff9621a1000-7ff9621a2000 r--p 00047000 08:05 140103                     /usr/lib/x86_64-linux-gnu/libpulse.so.0.16.2
7ff9621a2000-7ff9621a3000 rw-p 00048000 08:05 140103                     /usr/lib/x86_64-linux-gnu/libpulse.so.0.16.2
7ff9621a3000-7ff9621f8000 r-xp 00000000 08:05 3542430                    /tmp/libgdxcristian/7b43be9b/libopenal64.so
7ff9621f8000-7ff9623f7000 ---p 00055000 08:05 3542430                    /tmp/libgdxcristian/7b43be9b/libopenal64.so
7ff9623f7000-7ff9623fa000 r--p 00054000 08:05 3542430                    /tmp/libgdxcristian/7b43be9b/libopenal64.so
7ff9623fa000-7ff9623fb000 rw-p 00057000 08:05 3542430                    /tmp/libgdxcristian/7b43be9b/libopenal64.so
7ff9623fb000-7ff9623fc000 rw-p 00000000 00:00 0 
7ff9623fc000-7ff962400000 r-xp 00000000 08:05 139322                     /usr/lib/x86_64-linux-gnu/libXxf86vm.so.1.0.0
7ff962400000-7ff962600000 ---p 00004000 08:05 139322                     /usr/lib/x86_64-linux-gnu/libXxf86vm.so.1.0.0
7ff962600000-7ff962601000 r--p 00004000 08:05 139322                     /usr/lib/x86_64-linux-gnu/libXxf86vm.so.1.0.0
7ff962601000-7ff962602000 rw-p 00005000 08:05 139322                     /usr/lib/x86_64-linux-gnu/libXxf86vm.so.1.0.0
7ff962602000-7ff96260b000 r-xp 00000000 08:05 139308                     /usr/lib/x86_64-linux-gnu/libXrandr.so.2.2.0
7ff96260b000-7ff96280a000 ---p 00009000 08:05 139308                     /usr/lib/x86_64-linux-gnu/libXrandr.so.2.2.0
7ff96280a000-7ff96280b000 r--p 00008000 08:05 139308                     /usr/lib/x86_64-linux-gnu/libXrandr.so.2.2.0
7ff96280b000-7ff96280c000 rw-p 00009000 08:05 139308                     /usr/lib/x86_64-linux-gnu/libXrandr.so.2.2.0
7ff96280c000-7ff962878000 r-xp 00000000 08:05 3542429                    /tmp/libgdxcristian/7b43be9b/liblwjgl64.so (deleted)
7ff962878000-7ff962a77000 ---p 0006c000 08:05 3542429                    /tmp/libgdxcristian/7b43be9b/liblwjgl64.so (deleted)
7ff962a77000-7ff962a79000 r--p 0006b000 08:05 3542429                    /tmp/libgdxcristian/7b43be9b/liblwjgl64.so (deleted)
7ff962a79000-7ff962a7a000 rw-p 0006d000 08:05 3542429                    /tmp/libgdxcristian/7b43be9b/liblwjgl64.so (deleted)
7ff962a7a000-7ff962a7b000 r-xp 00000000 08:05 670187                     /usr/lib/jvm/java-7-oracle/jre/lib/amd64/libjawt.so
7ff962a7b000-7ff962c7a000 ---p 00001000 08:05 670187                     /usr/lib/jvm/java-7-oracle/jre/lib/amd64/libjawt.so
7ff962c7a000-7ff962c7b000 rw-p 00000000 08:05 670187                     /usr/lib/jvm/java-7-oracle/jre/lib/amd64/libjawt.so
7ff962c7b000-7ff962c7e000 ---p 00000000 00:00 0 
7ff962c7e000-7ff962d7c000 rw-p 00000000 00:00 0                          [stack:5624]
7ff962d7c000-7ff962d81000 r-xp 00000000 08:05 139292                     /usr/lib/x86_64-linux-gnu/libXfixes.so.3.1.0
7ff962d81000-7ff962f80000 ---p 00005000 08:05 139292                     /usr/lib/x86_64-linux-gnu/libXfixes.so.3.1.0
7ff962f80000-7ff962f81000 r--p 00004000 08:05 139292                     /usr/lib/x86_64-linux-gnu/libXfixes.so.3.1.0
7ff962f81000-7ff962f82000 rw-p 00005000 08:05 139292                     /usr/lib/x86_64-linux-gnu/libXfixes.so.3.1.0
7ff962f82000-7ff962f8b000 r-xp 00000000 08:05 139284                     /usr/lib/x86_64-linux-gnu/libXcursor.so.1.0.2
7ff962f8b000-7ff96318a000 ---p 00009000 08:05 139284                     /usr/lib/x86_64-linux-gnu/libXcursor.so.1.0.2
7ff96318a000-7ff96318b000 r--p 00008000 08:05 139284                     /usr/lib/x86_64-linux-gnu/libXcursor.so.1.0.2
7ff96318b000-7ff96318c000 rw-p 00009000 08:05 139284                     /usr/lib/x86_64-linux-gnu/libXcursor.so.1.0.2
7ff96318c000-7ff96318f000 ---p 00000000 00:00 0 
7ff96318f000-7ff96328d000 rw-p 00000000 00:00 0                          [stack:5623]
7ff96328d000-7ff963292000 r-xp 00000000 08:05 139288                     /usr/lib/x86_64-linux-gnu/libXdmcp.so.6.0.0
7ff963292000-7ff963491000 ---p 00005000 08:05 139288                     /usr/lib/x86_64-linux-gnu/libXdmcp.so.6.0.0
7ff963491000-7ff963492000 r--p 00004000 08:05 139288                     /usr/lib/x86_64-linux-gnu/libXdmcp.so.6.0.0
7ff963492000-7ff963493000 rw-p 00005000 08:05 139288                     /usr/lib/x86_64-linux-gnu/libXdmcp.so.6.0.0
7ff963493000-7ff963495000 r-xp 00000000 08:05 139277                     /usr/lib/x86_64-linux-gnu/libXau.so.6.0.0
7ff963495000-7ff963695000 ---p 00002000 08:05 139277                     /usr/lib/x86_64-linux-gnu/libXau.so.6.0.0
7ff963695000-7ff963696000 r--p 00002000 08:05 139277                     /usr/lib/x86_64-linux-gnu/libXau.so.6.0.0
7ff963696000-7ff963697000 rw-p 00003000 08:05 139277                     /usr/lib/x86_64-linux-gnu/libXau.so.6.0.0
7ff963697000-7ff9636b4000 r-xp 00000000 08:05 140329                     /usr/lib/x86_64-linux-gnu/libxcb.so.1.1.0
7ff9636b4000-7ff9638b3000 ---p 0001d000 08:05 140329                     /usr/lib/x86_64-linux-gnu/libxcb.so.1.1.0
7ff9638b3000-7ff9638b4000 r--p 0001c000 08:05 140329                     /usr/lib/x86_64-linux-gnu/libxcb.so.1.1.0
7ff9638b4000-7ff9638b5000 rw-p 0001d000 08:05 140329                     /usr/lib/x86_64-linux-gnu/libxcb.so.1.1.0
7ff9638b5000-7ff9638c4000 r-xp 00000000 08:05 139298                     /usr/lib/x86_64-linux-gnu/libXi.so.6.1.0
7ff9638c4000-7ff963ac3000 ---p 0000f000 08:05 139298                     /usr/lib/x86_64-linux-gnu/libXi.so.6.1.0
7ff963ac3000-7ff963ac4000 r--p 0000e000 08:05 139298                     /usr/lib/x86_64-linux-gnu/libXi.so.6.1.0
7ff963ac4000-7ff963ac5000 rw-p 0000f000 08:05 139298                     /usr/lib/x86_64-linux-gnu/libXi.so.6.1.0
7ff963ac5000-7ff963aca000 r-xp 00000000 08:05 139316                     /usr/lib/x86_64-linux-gnu/libXtst.so.6.1.0
7ff963aca000-7ff963cc9000 ---p 00005000 08:05 139316                     /usr/lib/x86_64-linux-gnu/libXtst.so.6.1.0
7ff963cc9000-7ff963cca000 r--p 00004000 08:05 139316                     /usr/lib/x86_64-linux-gnu/libXtst.so.6.1.0
7ff963cca000-7ff963ccb000 rw-p 00005000 08:05 139316                     /usr/lib/x86_64-linux-gnu/libXtst.so.6.1.0
7ff963ccb000-7ff963dfb000 r-xp 00000000 08:05 139273                     /usr/lib/x86_64-linux-gnu/libX11.so.6.3.0
7ff963dfb000-7ff963ffb000 ---p 00130000 08:05 139273                     /usr/lib/x86_64-linux-gnu/libX11.so.6.3.0
7ff963ffb000-7ff963ffc000 r--p 00130000 08:05 139273                     /usr/lib/x86_64-linux-gnu/libX11.so.6.3.0
7ff963ffc000-7ff964000000 rw-p 00131000 08:05 139273                     /usr/lib/x86_64-linux-gnu/libX11.so.6.3.0
7ff964000000-7ff96481d000 rw-p 00000000 00:00 0 
7ff96481d000-7ff968000000 ---p 00000000 00:00 0 
7ff968000000-7ff968021000 rw-p 00000000 00:00 0 
7ff968021000-7ff96c000000 ---p 00000000 00:00 0 
7ff96c000000-7ff96c021000 rw-p 00000000 00:00 0 
7ff96c021000-7ff970000000 ---p 00000000 00:00 0 
7ff970000000-7ff97037a000 rw-p 00000000 00:00 0 
7ff97037a000-7ff974000000 ---p 00000000 00:00 0 
7ff974000000-7ff974021000 rw-p 00000000 00:00 0 
7ff974021000-7ff978000000 ---p 00000000 00:00 0 
7ff978000000-7ff978021000 rw-p 00000000 00:00 0 
7ff978021000-7ff97c000000 ---p 00000000 00:00 0 
7ff97c000000-7ff97c021000 rw-p 00000000 00:00 0 
7ff97c021000-7ff980000000 ---p 00000000 00:00 0 
7ff98002a000-7ff98002d000 ---p 00000000 00:00 0 
7ff98002d000-7ff980063000 rw-p 00000000 00:00 0                          [stack:5630]
7ff980063000-7ff98006c000 r-xp 00000000 08:05 139310                     /usr/lib/x86_64-linux-gnu/libXrender.so.1.3.0
7ff98006c000-7ff98026b000 ---p 00009000 08:05 139310                     /usr/lib/x86_64-linux-gnu/libXrender.so.1.3.0
7ff98026b000-7ff98026c000 r--p 00008000 08:05 139310                     /usr/lib/x86_64-linux-gnu/libXrender.so.1.3.0
7ff98026c000-7ff98026d000 rw-p 00009000 08:05 139310                     /usr/lib/x86_64-linux-gnu/libXrender.so.1.3.0
7ff98026d000-7ff98027e000 r-xp 00000000 08:05 139290                     /usr/lib/x86_64-linux-gnu/libXext.so.6.4.0
7ff98027e000-7ff98047d000 ---p 00011000 08:05 139290                     /usr/lib/x86_64-linux-gnu/libXext.so.6.4.0
7ff98047d000-7ff98047e000 r--p 00010000 08:05 139290                     /usr/lib/x86_64-linux-gnu/libXext.so.6.4.0
7ff98047e000-7ff98047f000 rw-p 00011000 08:05 139290                     /usr/lib/x86_64-linux-gnu/libXext.so.6.4.0
7ff98047f000-7ff9804cf000 r-xp 00000000 08:05 931104                     /usr/lib/jvm/java-7-oracle/jre/lib/amd64/xawt/libmawt.so
7ff9804cf000-7ff9806cf000 ---p 00050000 08:05 931104                     /usr/lib/jvm/java-7-oracle/jre/lib/amd64/xawt/libmawt.so
7ff9806cf000-7ff9806d3000 rw-p 00050000 08:05 931104                     /usr/lib/jvm/java-7-oracle/jre/lib/amd64/xawt/libmawt.so
7ff9806d3000-7ff9806d4000 rw-p 00000000 00:00 0 
7ff9806d4000-7ff980776000 r-xp 00000000 08:05 670184                     /usr/lib/jvm/java-7-oracle/jre/lib/amd64/libawt.so
7ff980776000-7ff980976000 ---p 000a2000 08:05 670184                     /usr/lib/jvm/java-7-oracle/jre/lib/amd64/libawt.so
7ff980976000-7ff980982000 rw-p 000a2000 08:05 670184                     /usr/lib/jvm/java-7-oracle/jre/lib/amd64/libawt.so
7ff980982000-7ff9809a6000 rw-p 00000000 00:00 0 
7ff9809a6000-7ff9809bb000 r-xp 00000000 08:05 786445                     /lib/x86_64-linux-gnu/libgcc_s.so.1
7ff9809bb000-7ff980bba000 ---p 00015000 08:05 786445                     /lib/x86_64-linux-gnu/libgcc_s.so.1
7ff980bba000-7ff980bbb000 r--p 00014000 08:05 786445                     /lib/x86_64-linux-gnu/libgcc_s.so.1
7ff980bbb000-7ff980bbc000 rw-p 00015000 08:05 786445                     /lib/x86_64-linux-gnu/libgcc_s.so.1
7ff980bbc000-7ff980ca2000 r-xp 00000000 08:05 136413                     /usr/lib/x86_64-linux-gnu/libstdc++.so.6.0.18
7ff980ca2000-7ff980ea1000 ---p 000e6000 08:05 136413                     /usr/lib/x86_64-linux-gnu/libstdc++.so.6.0.18
7ff980ea1000-7ff980ea9000 r--p 000e5000 08:05 136413                     /usr/lib/x86_64-linux-gnu/libstdc++.so.6.0.18
7ff980ea9000-7ff980eab000 rw-p 000ed000 08:05 136413                     /usr/lib/x86_64-linux-gnu/libstdc++.so.6.0.18
7ff980eab000-7ff984000000 rw-p 00000000 00:00 0 
7ff984000000-7ff984021000 rw-p 00000000 00:00 0 
7ff984021000-7ff988000000 ---p 00000000 00:00 0 
7ff988000000-7ff988021000 rw-p 00000000 00:00 0 
7ff988021000-7ff98c000000 ---p 00000000 00:00 0 
7ff98c000000-7ff98c021000 rw-p 00000000 00:00 0 
7ff98c021000-7ff990000000 ---p 00000000 00:00 0 
7ff990000000-7ff990021000 rw-p 00000000 00:00 0 
7ff990021000-7ff994000000 ---p 00000000 00:00 0 
7ff994004000-7ff994024000 rw-s 00004000 00:05 11513                      /dev/ati/card0
7ff994024000-7ff994048000 r--p 00000000 08:05 664208                     /usr/share/locale-langpack/es/LC_MESSAGES/libc.mo
7ff994048000-7ff9940b7000 r-xp 00000000 08:05 3542427                    /tmp/libgdxcristian/b4a54a2/libgdx64.so
7ff9940b7000-7ff9942b6000 ---p 0006f000 08:05 3542427                    /tmp/libgdxcristian/b4a54a2/libgdx64.so
7ff9942b6000-7ff9942b8000 r--p 0006e000 08:05 3542427                    /tmp/libgdxcristian/b4a54a2/libgdx64.so
7ff9942b8000-7ff9942b9000 rw-p 00070000 08:05 3542427                    /tmp/libgdxcristian/b4a54a2/libgdx64.so
7ff9942b9000-7ff9942ba000 rw-p 00000000 00:00 0 
7ff9942ba000-7ff9942bb000 ---p 00000000 00:00 0 
7ff9942bb000-7ff9943bb000 rw-p 00000000 00:00 0                          [stack:5622]
7ff9943bb000-7ff9943be000 ---p 00000000 00:00 0 
7ff9943be000-7ff9944bc000 rw-p 00000000 00:00 0                          [stack:5621]
7ff9944bc000-7ff9944bf000 ---p 00000000 00:00 0 
7ff9944bf000-7ff9945bd000 rw-p 00000000 00:00 0                          [stack:5620]
7ff9945bd000-7ff9945c0000 ---p 00000000 00:00 0 
7ff9945c0000-7ff9946be000 rw-p 00000000 00:00 0                          [stack:5619]
7ff9946be000-7ff9946c1000 ---p 00000000 00:00 0 
7ff9946c1000-7ff9947bf000 rw-p 00000000 00:00 0                          [stack:5618]
7ff9947bf000-7ff994cfd000 r--p 00000000 08:05 137783                     /usr/lib/locale/locale-archive
7ff994cfd000-7ff994d00000 ---p 00000000 00:00 0 
7ff994d00000-7ff994dfe000 rw-p 00000000 00:00 0                          [stack:5617]
7ff994dfe000-7ff994e01000 ---p 00000000 00:00 0 
7ff994e01000-7ff994eff000 rw-p 00000000 00:00 0                          [stack:5616]
7ff994eff000-7ff994f00000 ---p 00000000 00:00 0 
7ff994f00000-7ff995000000 rw-p 00000000 00:00 0                          [stack:5615]
7ff995000000-7ff995270000 rwxp 00000000 00:00 0 
7ff995270000-7ff998263000 rw-p 00000000 00:00 0 
7ff998263000-7ff99c000000 ---p 00000000 00:00 0 
7ff99c003000-7ff99c014000 r--p 00000000 08:05 664312                     /usr/share/locale-langpack/es/LC_MESSAGES/pulseaudio.mo
7ff99c014000-7ff99c01b000 r--s 00000000 08:05 527406                     /usr/lib/x86_64-linux-gnu/gconv/gconv-modules.cache
7ff99c01b000-7ff99c035000 r--s 001fb000 08:05 1184536                    /home/cristian/hlocal/hlocal_android/RandomBotGames/gametemplate/my-game/libs/gdx-tools.jar
7ff99c035000-7ff99d034000 rw-p 00000000 00:00 0 
7ff99d034000-7ff99d1f1000 r--s 039bf000 08:05 670176                     /usr/lib/jvm/java-7-oracle/jre/lib/rt.jar
7ff99d1f1000-7ff99d61d000 rw-p 00000000 00:00 0 
7ff99d61d000-7ff99d61e000 ---p 00000000 00:00 0 
7ff99d61e000-7ff99d71e000 rw-p 00000000 00:00 0                          [stack:5610]
7ff99d71e000-7ff99d71f000 ---p 00000000 00:00 0 
7ff99d71f000-7ff99d81f000 rw-p 00000000 00:00 0                          [stack:5609]
7ff99d81f000-7ff99d820000 ---p 00000000 00:00 0 
7ff99d820000-7ff99d920000 rw-p 00000000 00:00 0                          [stack:5608]
7ff99d920000-7ff99d921000 ---p 00000000 00:00 0 
7ff99d921000-7ff99da2c000 rw-p 00000000 00:00 0                          [stack:5607]
7ff99da2c000-7ff99da4a000 rw-p 00000000 00:00 0 
7ff99da4a000-7ff99da69000 rw-p 00000000 00:00 0 
7ff99da69000-7ff99dc3c000 rw-p 00000000 00:00 0 
7ff99dc3c000-7ff99dc47000 rw-p 00000000 00:00 0 
7ff99dc47000-7ff99dc65000 rw-p 00000000 00:00 0 
7ff99dc65000-7ff99dc84000 rw-p 00000000 00:00 0 
7ff99dc84000-7ff99de57000 rw-p 00000000 00:00 0 
7ff99de57000-7ff99de67000 rw-p 00000000 00:00 0 
7ff99de67000-7ff99df50000 rw-p 00000000 00:00 0 
7ff99df50000-7ff99df51000 rw-p 00000000 00:00 0 
7ff99df51000-7ff99df6b000 r-xp 00000000 08:05 670185                     /usr/lib/jvm/java-7-oracle/jre/lib/amd64/libzip.so
7ff99df6b000-7ff99e16b000 ---p 0001a000 08:05 670185                     /usr/lib/jvm/java-7-oracle/jre/lib/amd64/libzip.so
7ff99e16b000-7ff99e16c000 rw-p 0001a000 08:05 670185                     /usr/lib/jvm/java-7-oracle/jre/lib/amd64/libzip.so
7ff99e16c000-7ff99e178000 r-xp 00000000 08:05 790500                     /lib/x86_64-linux-gnu/libnss_files-2.17.so
7ff99e178000-7ff99e377000 ---p 0000c000 08:05 790500                     /lib/x86_64-linux-gnu/libnss_files-2.17.so
7ff99e377000-7ff99e378000 r--p 0000b000 08:05 790500                     /lib/x86_64-linux-gnu/libnss_files-2.17.so
7ff99e378000-7ff99e379000 rw-p 0000c000 08:05 790500                     /lib/x86_64-linux-gnu/libnss_files-2.17.so
7ff99e379000-7ff99e384000 r-xp 00000000 08:05 790504                     /lib/x86_64-linux-gnu/libnss_nis-2.17.so
7ff99e384000-7ff99e583000 ---p 0000b000 08:05 790504                     /lib/x86_64-linux-gnu/libnss_nis-2.17.so
7ff99e583000-7ff99e584000 r--p 0000a000 08:05 790504                     /lib/x86_64-linux-gnu/libnss_nis-2.17.so
7ff99e584000-7ff99e585000 rw-p 0000b000 08:05 790504                     /lib/x86_64-linux-gnu/libnss_nis-2.17.so
7ff99e585000-7ff99e59c000 r-xp 00000000 08:05 790494                     /lib/x86_64-linux-gnu/libnsl-2.17.so
7ff99e59c000-7ff99e79b000 ---p 00017000 08:05 790494                     /lib/x86_64-linux-gnu/libnsl-2.17.so
7ff99e79b000-7ff99e79c000 r--p 00016000 08:05 790494                     /lib/x86_64-linux-gnu/libnsl-2.17.so
7ff99e79c000-7ff99e79d000 rw-p 00017000 08:05 790494                     /lib/x86_64-linux-gnu/libnsl-2.17.so
7ff99e79d000-7ff99e79f000 rw-p 00000000 00:00 0 
7ff99e79f000-7ff99e7a7000 r-xp 00000000 08:05 790496                     /lib/x86_64-linux-gnu/libnss_compat-2.17.so
7ff99e7a7000-7ff99e9a6000 ---p 00008000 08:05 790496                     /lib/x86_64-linux-gnu/libnss_compat-2.17.so
7ff99e9a6000-7ff99e9a7000 r--p 00007000 08:05 790496                     /lib/x86_64-linux-gnu/libnss_compat-2.17.so
7ff99e9a7000-7ff99e9a8000 rw-p 00008000 08:05 790496                     /lib/x86_64-linux-gnu/libnss_compat-2.17.so
7ff99e9a8000-7ff99e9d1000 r-xp 00000000 08:05 670222                     /usr/lib/jvm/java-7-oracle/jre/lib/amd64/libjava.so
7ff99e9d1000-7ff99ebd1000 ---p 00029000 08:05 670222                     /usr/lib/jvm/java-7-oracle/jre/lib/amd64/libjava.so
7ff99ebd1000-7ff99ebd3000 rw-p 00029000 08:05 670222                     /usr/lib/jvm/java-7-oracle/jre/lib/amd64/libjava.so
7ff99ebd3000-7ff99ebe0000 r-xp 00000000 08:05 670223                     /usr/lib/jvm/java-7-oracle/jre/lib/amd64/libverify.so
7ff99ebe0000-7ff99eddf000 ---p 0000d000 08:05 670223                     /usr/lib/jvm/java-7-oracle/jre/lib/amd64/libverify.so
7ff99eddf000-7ff99ede1000 rw-p 0000c000 08:05 670223                     /usr/lib/jvm/java-7-oracle/jre/lib/amd64/libverify.so
7ff99ede1000-7ff99ede8000 r-xp 00000000 08:05 790547                     /lib/x86_64-linux-gnu/librt-2.17.so
7ff99ede8000-7ff99efe7000 ---p 00007000 08:05 790547                     /lib/x86_64-linux-gnu/librt-2.17.so
7ff99efe7000-7ff99efe8000 r--p 00006000 08:05 790547                     /lib/x86_64-linux-gnu/librt-2.17.so
7ff99efe8000-7ff99efe9000 rw-p 00007000 08:05 790547                     /lib/x86_64-linux-gnu/librt-2.17.so
7ff99efe9000-7ff99f0ec000 r-xp 00000000 08:05 790475                     /lib/x86_64-linux-gnu/libm-2.17.so
7ff99f0ec000-7ff99f2eb000 ---p 00103000 08:05 790475                     /lib/x86_64-linux-gnu/libm-2.17.so
7ff99f2eb000-7ff99f2ec000 r--p 00102000 08:05 790475                     /lib/x86_64-linux-gnu/libm-2.17.so
7ff99f2ec000-7ff99f2ed000 rw-p 00103000 08:05 790475                     /lib/x86_64-linux-gnu/libm-2.17.so
7ff99f2ed000-7ff99fe4f000 r-xp 00000000 08:05 670208                     /usr/lib/jvm/java-7-oracle/jre/lib/amd64/server/libjvm.so
7ff99fe4f000-7ff9a004f000 ---p 00b62000 08:05 670208                     /usr/lib/jvm/java-7-oracle/jre/lib/amd64/server/libjvm.so
7ff9a004f000-7ff9a0112000 rw-p 00b62000 08:05 670208                     /usr/lib/jvm/java-7-oracle/jre/lib/amd64/server/libjvm.so
7ff9a0112000-7ff9a0153000 rw-p 00000000 00:00 0 
7ff9a0153000-7ff9a0310000 r-xp 00000000 08:05 790424                     /lib/x86_64-linux-gnu/libc-2.17.so
7ff9a0310000-7ff9a0510000 ---p 001bd000 08:05 790424                     /lib/x86_64-linux-gnu/libc-2.17.so
7ff9a0510000-7ff9a0514000 r--p 001bd000 08:05 790424                     /lib/x86_64-linux-gnu/libc-2.17.so
7ff9a0514000-7ff9a0516000 rw-p 001c1000 08:05 790424                     /lib/x86_64-linux-gnu/libc-2.17.so
7ff9a0516000-7ff9a051b000 rw-p 00000000 00:00 0 
7ff9a051b000-7ff9a051e000 r-xp 00000000 08:05 790439                     /lib/x86_64-linux-gnu/libdl-2.17.so
7ff9a051e000-7ff9a071d000 ---p 00003000 08:05 790439                     /lib/x86_64-linux-gnu/libdl-2.17.so
7ff9a071d000-7ff9a071e000 r--p 00002000 08:05 790439                     /lib/x86_64-linux-gnu/libdl-2.17.so
7ff9a071e000-7ff9a071f000 rw-p 00003000 08:05 790439                     /lib/x86_64-linux-gnu/libdl-2.17.so
7ff9a071f000-7ff9a0735000 r-xp 00000000 08:05 406660                     /usr/lib/jvm/java-7-oracle/lib/amd64/jli/libjli.so
7ff9a0735000-7ff9a0935000 ---p 00016000 08:05 406660                     /usr/lib/jvm/java-7-oracle/lib/amd64/jli/libjli.so
7ff9a0935000-7ff9a0936000 rw-p 00016000 08:05 406660                     /usr/lib/jvm/java-7-oracle/lib/amd64/jli/libjli.so
7ff9a0936000-7ff9a094d000 r-xp 00000000 08:05 790539                     /lib/x86_64-linux-gnu/libpthread-2.17.so
7ff9a094d000-7ff9a0b4d000 ---p 00017000 08:05 790539                     /lib/x86_64-linux-gnu/libpthread-2.17.so
7ff9a0b4d000-7ff9a0b4e000 r--p 00017000 08:05 790539                     /lib/x86_64-linux-gnu/libpthread-2.17.so
7ff9a0b4e000-7ff9a0b4f000 rw-p 00018000 08:05 790539                     /lib/x86_64-linux-gnu/libpthread-2.17.so
7ff9a0b4f000-7ff9a0b53000 rw-p 00000000 00:00 0 
7ff9a0b53000-7ff9a0b76000 r-xp 00000000 08:05 790400                     /lib/x86_64-linux-gnu/ld-2.17.so
7ff9a0b77000-7ff9a0b78000 rw-s 00005000 00:05 11513                      /dev/ati/card0
7ff9a0b78000-7ff9a0b7a000 rw-s 00002000 00:05 11513                      /dev/ati/card0
7ff9a0b7a000-7ff9a0b7b000 r--s 00127000 08:05 1184183                    /home/cristian/hlocal/hlocal_android/RandomBotGames/gametemplate/my-game/libs/gdx-natives.jar
7ff9a0b7b000-7ff9a0b8c000 r--s 0012b000 08:05 1184182                    /home/cristian/hlocal/hlocal_android/RandomBotGames/gametemplate/my-game/libs/gdx-backend-lwjgl.jar
7ff9a0b8c000-7ff9a0b8e000 r--s 001a1000 08:05 1184181                    /home/cristian/hlocal/hlocal_android/RandomBotGames/gametemplate/my-game/libs/gdx-backend-lwjgl-natives.jar
7ff9a0b8e000-7ff9a0b98000 rw-p 00000000 00:00 0 
7ff9a0b98000-7ff9a0c4e000 rw-p 00000000 00:00 0 
7ff9a0c4e000-7ff9a0c51000 ---p 00000000 00:00 0 
7ff9a0c51000-7ff9a0d53000 rw-p 00000000 00:00 0                          [stack:5606]
7ff9a0d53000-7ff9a0d69000 r--s 00154000 08:05 1184340                    /home/cristian/hlocal/hlocal_android/RandomBotGames/gametemplate/my-game/libs/gdx.jar
7ff9a0d69000-7ff9a0d71000 rw-s 00000000 08:05 3542424                    /tmp/hsperfdata_cristian/5605
7ff9a0d71000-7ff9a0d72000 rw-p 00000000 00:00 0 
7ff9a0d72000-7ff9a0d73000 r--p 00000000 00:00 0 
7ff9a0d73000-7ff9a0d75000 rw-p 00000000 00:00 0 
7ff9a0d75000-7ff9a0d76000 r--p 00022000 08:05 790400                     /lib/x86_64-linux-gnu/ld-2.17.so
7ff9a0d76000-7ff9a0d78000 rw-p 00023000 08:05 790400                     /lib/x86_64-linux-gnu/ld-2.17.so
7fff580ea000-7fff5810b000 rw-p 00000000 00:00 0                          [stack]
7fff581fe000-7fff58200000 r-xp 00000000 00:00 0                          [vdso]
ffffffffff600000-ffffffffff601000 r-xp 00000000 00:00 0                  [vsyscall]

VM Arguments:
jvm_args: -Dfile.encoding=UTF-8 
java_command: com.randombot.mygame.MyGame
Launcher Type: SUN_STANDARD

Environment Variables:
JAVA_HOME=/usr/lib/jvm/java-7-oracle/jre
PATH=/usr/local/sbin:/usr/local/bin:/usr/sbin:/usr/bin:/sbin:/bin:/usr/games:/usr/local/games:/home/cristian/Eclipse/ADT/sdk/platform-tools:/home/cristian/Eclipse/ADT/sdk/tools:/home/cristian/Eclipse/Maven/apache-maven-3.1.1/bin
USERNAME=cristian
SHELL=/bin/bash
DISPLAY=:0

Signal Handlers:
SIGSEGV: [libjvm.so+0x993870], sa_mask[0]=0x7ffbfeff, sa_flags=0x10000004
SIGBUS: [libjvm.so+0x993870], sa_mask[0]=0x7ffbfeff, sa_flags=0x10000004
SIGFPE: [libjvm.so+0x8105b0], sa_mask[0]=0x7ffbfeff, sa_flags=0x10000004
SIGPIPE: [libjvm.so+0x8105b0], sa_mask[0]=0x7ffbfeff, sa_flags=0x10000004
SIGXFSZ: [libjvm.so+0x8105b0], sa_mask[0]=0x7ffbfeff, sa_flags=0x10000004
SIGILL: [libjvm.so+0x8105b0], sa_mask[0]=0x7ffbfeff, sa_flags=0x10000004
SIGUSR1: SIG_DFL, sa_mask[0]=0x00000000, sa_flags=0x00000000
SIGUSR2: [libjvm.so+0x811aa0], sa_mask[0]=0x00000004, sa_flags=0x10000004
SIGHUP: [libjvm.so+0x812a10], sa_mask[0]=0x7ffbfeff, sa_flags=0x10000004
SIGINT: [libjvm.so+0x812a10], sa_mask[0]=0x7ffbfeff, sa_flags=0x10000004
SIGTERM: [libjvm.so+0x812a10], sa_mask[0]=0x7ffbfeff, sa_flags=0x10000004
SIGQUIT: [libjvm.so+0x812a10], sa_mask[0]=0x7ffbfeff, sa_flags=0x10000004


---------------  S Y S T E M  ---------------

OS:wheezy/sid

uname:Linux 3.11.0-12-generic #19-Ubuntu SMP Wed Oct 9 16:20:46 UTC 2013 x86_64
libc:glibc 2.17 NPTL 2.17 
rlimit: STACK 8192k, CORE 0k, NPROC 47530, NOFILE 4096, AS infinity
load average:3,35 2,88 2,57

/proc/meminfo:
MemTotal:        6111448 kB
MemFree:         2394484 kB
Buffers:          122016 kB
Cached:          1456952 kB
SwapCached:            0 kB
Active:          2347616 kB
Inactive:         913848 kB
Active(anon):    1683780 kB
Inactive(anon):    53908 kB
Active(file):     663836 kB
Inactive(file):   859940 kB
Unevictable:          60 kB
Mlocked:              60 kB
SwapTotal:       6287356 kB
SwapFree:        6287356 kB
Dirty:             11324 kB
Writeback:             4 kB
AnonPages:       1682704 kB
Mapped:           393092 kB
Shmem:             55120 kB
Slab:             101564 kB
SReclaimable:      75004 kB
SUnreclaim:        26560 kB
KernelStack:        4184 kB
PageTables:        31224 kB
NFS_Unstable:          0 kB
Bounce:                0 kB
WritebackTmp:          0 kB
CommitLimit:     9343080 kB
Committed_AS:    4683412 kB
VmallocTotal:   34359738367 kB
VmallocUsed:      310992 kB
VmallocChunk:   34359416064 kB
HardwareCorrupted:     0 kB
AnonHugePages:         0 kB
HugePages_Total:       0
HugePages_Free:        0
HugePages_Rsvd:        0
HugePages_Surp:        0
Hugepagesize:       2048 kB
DirectMap4k:      262720 kB
DirectMap2M:     6027264 kB


CPU:total 4 (4 cores per cpu, 1 threads per core) family 6 model 23 stepping 10, cmov, cx8, fxsr, mmx, sse, sse2, sse3, ssse3, sse4.1, tsc

/proc/cpuinfo:
processor	: 0
vendor_id	: GenuineIntel
cpu family	: 6
model		: 23
model name	: Intel(R) Core(TM)2 Quad CPU    Q8300  @ 2.50GHz
stepping	: 10
microcode	: 0xa07
cpu MHz		: 2498.000
cache size	: 2048 KB
physical id	: 0
siblings	: 4
core id		: 0
cpu cores	: 4
apicid		: 0
initial apicid	: 0
fpu		: yes
fpu_exception	: yes
cpuid level	: 13
wp		: yes
flags		: fpu vme de pse tsc msr pae mce cx8 apic sep mtrr pge mca cmov pat pse36 clflush dts acpi mmx fxsr sse sse2 ss ht tm pbe syscall nx lm constant_tsc arch_perfmon pebs bts rep_good nopl aperfmperf pni dtes64 monitor ds_cpl est tm2 ssse3 cx16 xtpr pdcm sse4_1 xsave lahf_lm dtherm
bogomips	: 4987.10
clflush size	: 64
cache_alignment	: 64
address sizes	: 36 bits physical, 48 bits virtual
power management:

processor	: 1
vendor_id	: GenuineIntel
cpu family	: 6
model		: 23
model name	: Intel(R) Core(TM)2 Quad CPU    Q8300  @ 2.50GHz
stepping	: 10
microcode	: 0xa07
cpu MHz		: 2498.000
cache size	: 2048 KB
physical id	: 0
siblings	: 4
core id		: 3
cpu cores	: 4
apicid		: 3
initial apicid	: 3
fpu		: yes
fpu_exception	: yes
cpuid level	: 13
wp		: yes
flags		: fpu vme de pse tsc msr pae mce cx8 apic sep mtrr pge mca cmov pat pse36 clflush dts acpi mmx fxsr sse sse2 ss ht tm pbe syscall nx lm constant_tsc arch_perfmon pebs bts rep_good nopl aperfmperf pni dtes64 monitor ds_cpl est tm2 ssse3 cx16 xtpr pdcm sse4_1 xsave lahf_lm dtherm
bogomips	: 4987.10
clflush size	: 64
cache_alignment	: 64
address sizes	: 36 bits physical, 48 bits virtual
power management:

processor	: 2
vendor_id	: GenuineIntel
cpu family	: 6
model		: 23
model name	: Intel(R) Core(TM)2 Quad CPU    Q8300  @ 2.50GHz
stepping	: 10
microcode	: 0xa07
cpu MHz		: 2498.000
cache size	: 2048 KB
physical id	: 0
siblings	: 4
core id		: 2
cpu cores	: 4
apicid		: 2
initial apicid	: 2
fpu		: yes
fpu_exception	: yes
cpuid level	: 13
wp		: yes
flags		: fpu vme de pse tsc msr pae mce cx8 apic sep mtrr pge mca cmov pat pse36 clflush dts acpi mmx fxsr sse sse2 ss ht tm pbe syscall nx lm constant_tsc arch_perfmon pebs bts rep_good nopl aperfmperf pni dtes64 monitor ds_cpl est tm2 ssse3 cx16 xtpr pdcm sse4_1 xsave lahf_lm dtherm
bogomips	: 4987.10
clflush size	: 64
cache_alignment	: 64
address sizes	: 36 bits physical, 48 bits virtual
power management:

processor	: 3
vendor_id	: GenuineIntel
cpu family	: 6
model		: 23
model name	: Intel(R) Core(TM)2 Quad CPU    Q8300  @ 2.50GHz
stepping	: 10
microcode	: 0xa07
cpu MHz		: 2498.000
cache size	: 2048 KB
physical id	: 0
siblings	: 4
core id		: 1
cpu cores	: 4
apicid		: 1
initial apicid	: 1
fpu		: yes
fpu_exception	: yes
cpuid level	: 13
wp		: yes
flags		: fpu vme de pse tsc msr pae mce cx8 apic sep mtrr pge mca cmov pat pse36 clflush dts acpi mmx fxsr sse sse2 ss ht tm pbe syscall nx lm constant_tsc arch_perfmon pebs bts rep_good nopl aperfmperf pni dtes64 monitor ds_cpl est tm2 ssse3 cx16 xtpr pdcm sse4_1 xsave lahf_lm dtherm
bogomips	: 4987.10
clflush size	: 64
cache_alignment	: 64
address sizes	: 36 bits physical, 48 bits virtual
power management:



Memory: 4k page, physical 6111448k(2394484k free), swap 6287356k(6287356k free)

vm_info: Java HotSpot(TM) 64-Bit Server VM (24.51-b03) for linux-amd64 JRE (1.7.0_51-b13), built on Dec 18 2013 18:48:01 by "java_re" with gcc 4.3.0 20080428 (Red Hat 4.3.0-8)

time: Sun Feb 16 01:11:00 2014
elapsed time: 6 seconds

